<?xml version="1.0" encoding="UTF-8"?>
<robot generator="Robot 7.0.1 (Python 3.12.4 on win32)" generated="2024-07-20T22:03:40.513084" rpa="false" schemaversion="5">
<suite id="s1" name="Tests" source="C:\Users\User\Desktop\Python Projects\Robot Framework\demo-automation\tests">
<suite id="s1-s1" name="Checkout Test" source="C:\Users\User\Desktop\Python Projects\Robot Framework\demo-automation\tests\checkout_test.robot">
<test id="s1-s1-t1" name="Complete Checkout Process" line="10">
<kw name="Login And Add Item To Cart" owner="common" type="SETUP">
<kw name="Login And Navigate To Inventory" owner="common">
<kw name="Open Browser To Login Page" owner="common">
<kw name="Open Browser" owner="SeleniumLibrary">
<msg time="2024-07-20T22:03:40.685013" level="INFO">Opening browser 'chrome' to base url 'https://www.saucedemo.com/'.</msg>
<arg>${URL}</arg>
<arg>${BROWSER}</arg>
<doc>Opens a new browser instance to the optional ``url``.</doc>
<status status="PASS" start="2024-07-20T22:03:40.685013" elapsed="1.417585"/>
</kw>
<kw name="Maximize Browser Window" owner="SeleniumLibrary">
<doc>Maximizes current browser window.</doc>
<status status="PASS" start="2024-07-20T22:03:42.103598" elapsed="0.018005"/>
</kw>
<kw name="Set Selenium Speed" owner="SeleniumLibrary">
<arg>0.5 seconds</arg>
<doc>Sets the delay that is waited after each Selenium command.</doc>
<status status="PASS" start="2024-07-20T22:03:42.122603" elapsed="0.000000"/>
</kw>
<status status="PASS" start="2024-07-20T22:03:40.685013" elapsed="1.437590"/>
</kw>
<kw name="Input Username" owner="common">
<kw name="Input Text" owner="SeleniumLibrary">
<msg time="2024-07-20T22:03:42.123603" level="INFO">Typing text 'standard_user' into text field 'id=user-name'.</msg>
<arg>${USERNAME_FIELD}</arg>
<arg>${username}</arg>
<doc>Types the given ``text`` into the text field identified by ``locator``.</doc>
<status status="PASS" start="2024-07-20T22:03:42.122603" elapsed="1.566471"/>
</kw>
<arg>${VALID_USER}</arg>
<status status="PASS" start="2024-07-20T22:03:42.122603" elapsed="1.566471"/>
</kw>
<kw name="Input Password" owner="common">
<kw name="Input Text" owner="SeleniumLibrary">
<msg time="2024-07-20T22:03:43.689074" level="INFO">Typing text 'secret_sauce' into text field 'id=password'.</msg>
<arg>${PASSWORD_FIELD}</arg>
<arg>${password}</arg>
<doc>Types the given ``text`` into the text field identified by ``locator``.</doc>
<status status="PASS" start="2024-07-20T22:03:43.689074" elapsed="1.548014"/>
</kw>
<arg>${VALID_PASSWORD}</arg>
<status status="PASS" start="2024-07-20T22:03:43.689074" elapsed="1.548014"/>
</kw>
<kw name="Submit Credentials" owner="common">
<kw name="Click Button" owner="SeleniumLibrary">
<msg time="2024-07-20T22:03:45.237088" level="INFO">Clicking button 'id=login-button'.</msg>
<arg>${LOGIN_BUTTON}</arg>
<doc>Clicks the button identified by ``locator``.</doc>
<status status="PASS" start="2024-07-20T22:03:45.237088" elapsed="1.553955"/>
</kw>
<status status="PASS" start="2024-07-20T22:03:45.237088" elapsed="1.553955"/>
</kw>
<status status="PASS" start="2024-07-20T22:03:40.684012" elapsed="6.107031"/>
</kw>
<kw name="Click Element" owner="SeleniumLibrary">
<msg time="2024-07-20T22:03:46.791043" level="INFO">Clicking element 'id=add-to-cart-sauce-labs-backpack'.</msg>
<arg>${ADD_TO_CART_BACKPACK}</arg>
<doc>Click the element identified by ``locator``.</doc>
<status status="PASS" start="2024-07-20T22:03:46.791043" elapsed="1.026609"/>
</kw>
<status status="PASS" start="2024-07-20T22:03:40.684012" elapsed="7.133640"/>
</kw>
<kw name="Click Element" owner="SeleniumLibrary">
<msg time="2024-07-20T22:03:47.817652" level="INFO">Clicking element 'class=shopping_cart_link'.</msg>
<arg>${SHOPPING_CART_LINK}</arg>
<doc>Click the element identified by ``locator``.</doc>
<status status="PASS" start="2024-07-20T22:03:47.817652" elapsed="1.028794"/>
</kw>
<kw name="Click Element" owner="SeleniumLibrary">
<msg time="2024-07-20T22:03:48.846446" level="INFO">Clicking element 'id=checkout'.</msg>
<arg>${CHECKOUT_BUTTON}</arg>
<doc>Click the element identified by ``locator``.</doc>
<status status="PASS" start="2024-07-20T22:03:48.846446" elapsed="1.029603"/>
</kw>
<kw name="Input Text" owner="SeleniumLibrary">
<msg time="2024-07-20T22:03:49.876049" level="INFO">Typing text 'John' into text field 'id=first-name'.</msg>
<arg>${FIRST_NAME_FIELD}</arg>
<arg>John</arg>
<doc>Types the given ``text`` into the text field identified by ``locator``.</doc>
<status status="PASS" start="2024-07-20T22:03:49.876049" elapsed="1.548929"/>
</kw>
<kw name="Input Text" owner="SeleniumLibrary">
<msg time="2024-07-20T22:03:51.424978" level="INFO">Typing text 'Doe' into text field 'id=last-name'.</msg>
<arg>${LAST_NAME_FIELD}</arg>
<arg>Doe</arg>
<doc>Types the given ``text`` into the text field identified by ``locator``.</doc>
<status status="PASS" start="2024-07-20T22:03:51.424978" elapsed="1.548413"/>
</kw>
<kw name="Input Text" owner="SeleniumLibrary">
<msg time="2024-07-20T22:03:52.973391" level="INFO">Typing text '12345' into text field 'id=postal-code'.</msg>
<arg>${POSTAL_CODE_FIELD}</arg>
<arg>12345</arg>
<doc>Types the given ``text`` into the text field identified by ``locator``.</doc>
<status status="PASS" start="2024-07-20T22:03:52.973391" elapsed="1.547700"/>
</kw>
<kw name="Click Element" owner="SeleniumLibrary">
<msg time="2024-07-20T22:03:54.521091" level="INFO">Clicking element 'id=continue'.</msg>
<arg>${CONTINUE_BUTTON}</arg>
<doc>Click the element identified by ``locator``.</doc>
<status status="PASS" start="2024-07-20T22:03:54.521091" elapsed="1.033902"/>
</kw>
<kw name="Click Element" owner="SeleniumLibrary">
<msg time="2024-07-20T22:03:55.554993" level="INFO">Clicking element 'id=finish'.</msg>
<arg>${FINISH_BUTTON}</arg>
<doc>Click the element identified by ``locator``.</doc>
<status status="PASS" start="2024-07-20T22:03:55.554993" elapsed="1.027973"/>
</kw>
<kw name="Page Should Contain" owner="SeleniumLibrary">
<msg time="2024-07-20T22:03:57.592484" level="INFO">Current page contains text 'Thank you for your order!'.</msg>
<arg>${ORDER_COMPLETE_MESSAGE}</arg>
<doc>Verifies that current page contains ``text``.</doc>
<status status="PASS" start="2024-07-20T22:03:56.582966" elapsed="1.009518"/>
</kw>
<kw name="Close Browser" owner="SeleniumLibrary" type="TEARDOWN">
<doc>Closes the current browser.</doc>
<status status="PASS" start="2024-07-20T22:03:57.592484" elapsed="2.556587"/>
</kw>
<status status="PASS" start="2024-07-20T22:03:40.684012" elapsed="19.465059"/>
</test>
<test id="s1-s1-t2" name="Checkout With Empty Fields" line="20">
<kw name="Login And Add Item To Cart" owner="common" type="SETUP">
<kw name="Login And Navigate To Inventory" owner="common">
<kw name="Open Browser To Login Page" owner="common">
<kw name="Open Browser" owner="SeleniumLibrary">
<msg time="2024-07-20T22:04:00.151072" level="INFO">Opening browser 'chrome' to base url 'https://www.saucedemo.com/'.</msg>
<arg>${URL}</arg>
<arg>${BROWSER}</arg>
<doc>Opens a new browser instance to the optional ``url``.</doc>
<status status="PASS" start="2024-07-20T22:04:00.151072" elapsed="1.866667"/>
</kw>
<kw name="Maximize Browser Window" owner="SeleniumLibrary">
<doc>Maximizes current browser window.</doc>
<status status="PASS" start="2024-07-20T22:04:02.017739" elapsed="0.518149"/>
</kw>
<kw name="Set Selenium Speed" owner="SeleniumLibrary">
<arg>0.5 seconds</arg>
<doc>Sets the delay that is waited after each Selenium command.</doc>
<status status="PASS" start="2024-07-20T22:04:02.535888" elapsed="0.000000"/>
</kw>
<status status="PASS" start="2024-07-20T22:04:00.150072" elapsed="2.385816"/>
</kw>
<kw name="Input Username" owner="common">
<kw name="Input Text" owner="SeleniumLibrary">
<msg time="2024-07-20T22:04:02.535888" level="INFO">Typing text 'standard_user' into text field 'id=user-name'.</msg>
<arg>${USERNAME_FIELD}</arg>
<arg>${username}</arg>
<doc>Types the given ``text`` into the text field identified by ``locator``.</doc>
<status status="PASS" start="2024-07-20T22:04:02.535888" elapsed="1.560189"/>
</kw>
<arg>${VALID_USER}</arg>
<status status="PASS" start="2024-07-20T22:04:02.535888" elapsed="1.560189"/>
</kw>
<kw name="Input Password" owner="common">
<kw name="Input Text" owner="SeleniumLibrary">
<msg time="2024-07-20T22:04:04.097071" level="INFO">Typing text 'secret_sauce' into text field 'id=password'.</msg>
<arg>${PASSWORD_FIELD}</arg>
<arg>${password}</arg>
<doc>Types the given ``text`` into the text field identified by ``locator``.</doc>
<status status="PASS" start="2024-07-20T22:04:04.097071" elapsed="1.545847"/>
</kw>
<arg>${VALID_PASSWORD}</arg>
<status status="PASS" start="2024-07-20T22:04:04.096077" elapsed="1.546841"/>
</kw>
<kw name="Submit Credentials" owner="common">
<kw name="Click Button" owner="SeleniumLibrary">
<msg time="2024-07-20T22:04:05.642918" level="INFO">Clicking button 'id=login-button'.</msg>
<arg>${LOGIN_BUTTON}</arg>
<doc>Clicks the button identified by ``locator``.</doc>
<status status="PASS" start="2024-07-20T22:04:05.642918" elapsed="1.552999"/>
</kw>
<status status="PASS" start="2024-07-20T22:04:05.642918" elapsed="1.552999"/>
</kw>
<status status="PASS" start="2024-07-20T22:04:00.150072" elapsed="7.045845"/>
</kw>
<kw name="Click Element" owner="SeleniumLibrary">
<msg time="2024-07-20T22:04:07.195917" level="INFO">Clicking element 'id=add-to-cart-sauce-labs-backpack'.</msg>
<arg>${ADD_TO_CART_BACKPACK}</arg>
<doc>Click the element identified by ``locator``.</doc>
<status status="PASS" start="2024-07-20T22:04:07.195917" elapsed="1.026081"/>
</kw>
<status status="PASS" start="2024-07-20T22:04:00.150072" elapsed="8.071926"/>
</kw>
<kw name="Click Element" owner="SeleniumLibrary">
<msg time="2024-07-20T22:04:08.221998" level="INFO">Clicking element 'class=shopping_cart_link'.</msg>
<arg>${SHOPPING_CART_LINK}</arg>
<doc>Click the element identified by ``locator``.</doc>
<status status="PASS" start="2024-07-20T22:04:08.221998" elapsed="1.029069"/>
</kw>
<kw name="Click Element" owner="SeleniumLibrary">
<msg time="2024-07-20T22:04:09.251067" level="INFO">Clicking element 'id=checkout'.</msg>
<arg>${CHECKOUT_BUTTON}</arg>
<doc>Click the element identified by ``locator``.</doc>
<status status="PASS" start="2024-07-20T22:04:09.251067" elapsed="1.028531"/>
</kw>
<kw name="Click Element" owner="SeleniumLibrary">
<msg time="2024-07-20T22:04:10.279598" level="INFO">Clicking element 'id=continue'.</msg>
<arg>${CONTINUE_BUTTON}</arg>
<doc>Click the element identified by ``locator``.</doc>
<status status="PASS" start="2024-07-20T22:04:10.279598" elapsed="1.032434"/>
</kw>
<kw name="Page Should Contain" owner="SeleniumLibrary">
<msg time="2024-07-20T22:04:12.323020" level="INFO">Current page contains text 'Error: First Name is required'.</msg>
<arg>${ERROR_MESSAGE}</arg>
<doc>Verifies that current page contains ``text``.</doc>
<status status="PASS" start="2024-07-20T22:04:11.312032" elapsed="1.010988"/>
</kw>
<kw name="Close Browser" owner="SeleniumLibrary" type="TEARDOWN">
<doc>Closes the current browser.</doc>
<status status="PASS" start="2024-07-20T22:04:12.323020" elapsed="2.536063"/>
</kw>
<status status="PASS" start="2024-07-20T22:04:00.150072" elapsed="14.709011"/>
</test>
<status status="PASS" start="2024-07-20T22:03:40.536979" elapsed="34.323105"/>
</suite>
<suite id="s1-s2" name="Inventory Test" source="C:\Users\User\Desktop\Python Projects\Robot Framework\demo-automation\tests\inventory_test.robot">
<test id="s1-s2-t1" name="Check Inventory Item Count" line="10">
<kw name="Login And Navigate To Inventory" owner="common" type="SETUP">
<kw name="Open Browser To Login Page" owner="common">
<kw name="Open Browser" owner="SeleniumLibrary">
<msg time="2024-07-20T22:04:14.865085" level="INFO">Opening browser 'chrome' to base url 'https://www.saucedemo.com/'.</msg>
<arg>${URL}</arg>
<arg>${BROWSER}</arg>
<doc>Opens a new browser instance to the optional ``url``.</doc>
<status status="PASS" start="2024-07-20T22:04:14.864085" elapsed="1.868906"/>
</kw>
<kw name="Maximize Browser Window" owner="SeleniumLibrary">
<doc>Maximizes current browser window.</doc>
<status status="PASS" start="2024-07-20T22:04:16.732991" elapsed="0.517117"/>
</kw>
<kw name="Set Selenium Speed" owner="SeleniumLibrary">
<arg>0.5 seconds</arg>
<doc>Sets the delay that is waited after each Selenium command.</doc>
<status status="PASS" start="2024-07-20T22:04:17.250108" elapsed="0.000000"/>
</kw>
<status status="PASS" start="2024-07-20T22:04:14.864085" elapsed="2.386023"/>
</kw>
<kw name="Input Username" owner="common">
<kw name="Input Text" owner="SeleniumLibrary">
<msg time="2024-07-20T22:04:17.251108" level="INFO">Typing text 'standard_user' into text field 'id=user-name'.</msg>
<arg>${USERNAME_FIELD}</arg>
<arg>${username}</arg>
<doc>Types the given ``text`` into the text field identified by ``locator``.</doc>
<status status="PASS" start="2024-07-20T22:04:17.250108" elapsed="1.559957"/>
</kw>
<arg>${VALID_USER}</arg>
<status status="PASS" start="2024-07-20T22:04:17.250108" elapsed="1.559957"/>
</kw>
<kw name="Input Password" owner="common">
<kw name="Input Text" owner="SeleniumLibrary">
<msg time="2024-07-20T22:04:18.810065" level="INFO">Typing text 'secret_sauce' into text field 'id=password'.</msg>
<arg>${PASSWORD_FIELD}</arg>
<arg>${password}</arg>
<doc>Types the given ``text`` into the text field identified by ``locator``.</doc>
<status status="PASS" start="2024-07-20T22:04:18.810065" elapsed="1.550887"/>
</kw>
<arg>${VALID_PASSWORD}</arg>
<status status="PASS" start="2024-07-20T22:04:18.810065" elapsed="1.550887"/>
</kw>
<kw name="Submit Credentials" owner="common">
<kw name="Click Button" owner="SeleniumLibrary">
<msg time="2024-07-20T22:04:20.360952" level="INFO">Clicking button 'id=login-button'.</msg>
<arg>${LOGIN_BUTTON}</arg>
<doc>Clicks the button identified by ``locator``.</doc>
<status status="PASS" start="2024-07-20T22:04:20.360952" elapsed="1.557102"/>
</kw>
<status status="PASS" start="2024-07-20T22:04:20.360952" elapsed="1.557102"/>
</kw>
<status status="PASS" start="2024-07-20T22:04:14.864085" elapsed="7.053969"/>
</kw>
<kw name="Get Element Count" owner="SeleniumLibrary">
<msg time="2024-07-20T22:04:22.427050" level="INFO">${item_count} = 6</msg>
<var>${item_count}</var>
<arg>${INVENTORY_ITEM}</arg>
<doc>Returns the number of elements matching ``locator``.</doc>
<status status="PASS" start="2024-07-20T22:04:21.918054" elapsed="0.508996"/>
</kw>
<kw name="Should Be Equal As Integers" owner="BuiltIn">
<msg time="2024-07-20T22:04:22.427050" level="INFO">Argument types are:
&lt;class 'int'&gt;
&lt;class 'str'&gt;</msg>
<arg>${item_count}</arg>
<arg>6</arg>
<doc>Fails if objects are unequal after converting them to integers.</doc>
<status status="PASS" start="2024-07-20T22:04:22.427050" elapsed="0.000000"/>
</kw>
<kw name="Close Browser" owner="SeleniumLibrary" type="TEARDOWN">
<doc>Closes the current browser.</doc>
<status status="PASS" start="2024-07-20T22:04:22.428051" elapsed="2.537975"/>
</kw>
<status status="PASS" start="2024-07-20T22:04:14.864085" elapsed="10.101941"/>
</test>
<test id="s1-s2-t2" name="Sort Products By Price High To Low" line="14">
<kw name="Login And Navigate To Inventory" owner="common" type="SETUP">
<kw name="Open Browser To Login Page" owner="common">
<kw name="Open Browser" owner="SeleniumLibrary">
<msg time="2024-07-20T22:04:24.967027" level="INFO">Opening browser 'chrome' to base url 'https://www.saucedemo.com/'.</msg>
<arg>${URL}</arg>
<arg>${BROWSER}</arg>
<doc>Opens a new browser instance to the optional ``url``.</doc>
<status status="PASS" start="2024-07-20T22:04:24.967027" elapsed="1.866533"/>
</kw>
<kw name="Maximize Browser Window" owner="SeleniumLibrary">
<doc>Maximizes current browser window.</doc>
<status status="PASS" start="2024-07-20T22:04:26.833560" elapsed="0.517505"/>
</kw>
<kw name="Set Selenium Speed" owner="SeleniumLibrary">
<arg>0.5 seconds</arg>
<doc>Sets the delay that is waited after each Selenium command.</doc>
<status status="PASS" start="2024-07-20T22:04:27.351065" elapsed="0.000000"/>
</kw>
<status status="PASS" start="2024-07-20T22:04:24.967027" elapsed="2.384038"/>
</kw>
<kw name="Input Username" owner="common">
<kw name="Input Text" owner="SeleniumLibrary">
<msg time="2024-07-20T22:04:27.352065" level="INFO">Typing text 'standard_user' into text field 'id=user-name'.</msg>
<arg>${USERNAME_FIELD}</arg>
<arg>${username}</arg>
<doc>Types the given ``text`` into the text field identified by ``locator``.</doc>
<status status="PASS" start="2024-07-20T22:04:27.352065" elapsed="1.561545"/>
</kw>
<arg>${VALID_USER}</arg>
<status status="PASS" start="2024-07-20T22:04:27.351065" elapsed="1.562545"/>
</kw>
<kw name="Input Password" owner="common">
<kw name="Input Text" owner="SeleniumLibrary">
<msg time="2024-07-20T22:04:28.913610" level="INFO">Typing text 'secret_sauce' into text field 'id=password'.</msg>
<arg>${PASSWORD_FIELD}</arg>
<arg>${password}</arg>
<doc>Types the given ``text`` into the text field identified by ``locator``.</doc>
<status status="PASS" start="2024-07-20T22:04:28.913610" elapsed="1.548035"/>
</kw>
<arg>${VALID_PASSWORD}</arg>
<status status="PASS" start="2024-07-20T22:04:28.913610" elapsed="1.548035"/>
</kw>
<kw name="Submit Credentials" owner="common">
<kw name="Click Button" owner="SeleniumLibrary">
<msg time="2024-07-20T22:04:30.461645" level="INFO">Clicking button 'id=login-button'.</msg>
<arg>${LOGIN_BUTTON}</arg>
<doc>Clicks the button identified by ``locator``.</doc>
<status status="PASS" start="2024-07-20T22:04:30.461645" elapsed="1.553975"/>
</kw>
<status status="PASS" start="2024-07-20T22:04:30.461645" elapsed="1.553975"/>
</kw>
<status status="PASS" start="2024-07-20T22:04:24.967027" elapsed="7.048593"/>
</kw>
<kw name="Select From List By Value" owner="SeleniumLibrary">
<msg time="2024-07-20T22:04:32.015620" level="INFO">Selecting options from selection list 'class=product_sort_container' by value hilo.</msg>
<arg>${PRODUCT_SORT_CONTAINER}</arg>
<arg>hilo</arg>
<doc>Selects options from selection list ``locator`` by ``values``.</doc>
<status status="PASS" start="2024-07-20T22:04:32.015620" elapsed="4.050049"/>
</kw>
<kw name="Get Text" owner="SeleniumLibrary">
<msg time="2024-07-20T22:04:37.082963" level="INFO">${first_price} = $49.99</msg>
<var>${first_price}</var>
<arg>${FIRST_ITEM_PRICE}</arg>
<doc>Returns the text value of the element identified by ``locator``.</doc>
<status status="PASS" start="2024-07-20T22:04:36.065669" elapsed="1.017294"/>
</kw>
<kw name="Get Text" owner="SeleniumLibrary">
<msg time="2024-07-20T22:04:38.094857" level="INFO">${last_price} = $7.99</msg>
<var>${last_price}</var>
<arg>${LAST_ITEM_PRICE}</arg>
<doc>Returns the text value of the element identified by ``locator``.</doc>
<status status="PASS" start="2024-07-20T22:04:37.082963" elapsed="1.011894"/>
</kw>
<kw name="Should Be True" owner="BuiltIn">
<msg time="2024-07-20T22:04:38.094857" level="FAIL">Evaluating expression '$49.99 &gt; $7.99' failed: SyntaxError: invalid syntax (&lt;string&gt;, line 1)</msg>
<arg>${first_price} &gt; ${last_price}</arg>
<doc>Fails if the given condition is not true.</doc>
<status status="FAIL" start="2024-07-20T22:04:38.094857" elapsed="0.001000">Evaluating expression '$49.99 &gt; $7.99' failed: SyntaxError: invalid syntax (&lt;string&gt;, line 1)</status>
</kw>
<kw name="Close Browser" owner="SeleniumLibrary" type="TEARDOWN">
<doc>Closes the current browser.</doc>
<status status="PASS" start="2024-07-20T22:04:38.095857" elapsed="2.537968"/>
</kw>
<status status="FAIL" start="2024-07-20T22:04:24.967027" elapsed="15.666798">Evaluating expression '$49.99 &gt; $7.99' failed: SyntaxError: invalid syntax (&lt;string&gt;, line 1)</status>
</test>
<test id="s1-s2-t3" name="Add Item To Cart" line="20">
<kw name="Login And Navigate To Inventory" owner="common" type="SETUP">
<kw name="Open Browser To Login Page" owner="common">
<kw name="Open Browser" owner="SeleniumLibrary">
<msg time="2024-07-20T22:04:40.635825" level="INFO">Opening browser 'chrome' to base url 'https://www.saucedemo.com/'.</msg>
<arg>${URL}</arg>
<arg>${BROWSER}</arg>
<doc>Opens a new browser instance to the optional ``url``.</doc>
<status status="PASS" start="2024-07-20T22:04:40.635825" elapsed="1.873215"/>
</kw>
<kw name="Maximize Browser Window" owner="SeleniumLibrary">
<doc>Maximizes current browser window.</doc>
<status status="PASS" start="2024-07-20T22:04:42.509040" elapsed="0.518854"/>
</kw>
<kw name="Set Selenium Speed" owner="SeleniumLibrary">
<arg>0.5 seconds</arg>
<doc>Sets the delay that is waited after each Selenium command.</doc>
<status status="PASS" start="2024-07-20T22:04:43.027894" elapsed="0.000000"/>
</kw>
<status status="PASS" start="2024-07-20T22:04:40.634825" elapsed="2.393069"/>
</kw>
<kw name="Input Username" owner="common">
<kw name="Input Text" owner="SeleniumLibrary">
<msg time="2024-07-20T22:04:43.028895" level="INFO">Typing text 'standard_user' into text field 'id=user-name'.</msg>
<arg>${USERNAME_FIELD}</arg>
<arg>${username}</arg>
<doc>Types the given ``text`` into the text field identified by ``locator``.</doc>
<status status="PASS" start="2024-07-20T22:04:43.027894" elapsed="1.560126"/>
</kw>
<arg>${VALID_USER}</arg>
<status status="PASS" start="2024-07-20T22:04:43.027894" elapsed="1.560126"/>
</kw>
<kw name="Input Password" owner="common">
<kw name="Input Text" owner="SeleniumLibrary">
<msg time="2024-07-20T22:04:44.588020" level="INFO">Typing text 'secret_sauce' into text field 'id=password'.</msg>
<arg>${PASSWORD_FIELD}</arg>
<arg>${password}</arg>
<doc>Types the given ``text`` into the text field identified by ``locator``.</doc>
<status status="PASS" start="2024-07-20T22:04:44.588020" elapsed="1.547764"/>
</kw>
<arg>${VALID_PASSWORD}</arg>
<status status="PASS" start="2024-07-20T22:04:44.588020" elapsed="1.547764"/>
</kw>
<kw name="Submit Credentials" owner="common">
<kw name="Click Button" owner="SeleniumLibrary">
<msg time="2024-07-20T22:04:46.135784" level="INFO">Clicking button 'id=login-button'.</msg>
<arg>${LOGIN_BUTTON}</arg>
<doc>Clicks the button identified by ``locator``.</doc>
<status status="PASS" start="2024-07-20T22:04:46.135784" elapsed="1.553881"/>
</kw>
<status status="PASS" start="2024-07-20T22:04:46.135784" elapsed="1.553881"/>
</kw>
<status status="PASS" start="2024-07-20T22:04:40.634825" elapsed="7.054840"/>
</kw>
<kw name="Click Element" owner="SeleniumLibrary">
<msg time="2024-07-20T22:04:47.689665" level="INFO">Clicking element 'id=add-to-cart-sauce-labs-backpack'.</msg>
<arg>${ADD_TO_CART_BACKPACK}</arg>
<doc>Click the element identified by ``locator``.</doc>
<status status="PASS" start="2024-07-20T22:04:47.689665" elapsed="1.026317"/>
</kw>
<kw name="Get Text" owner="SeleniumLibrary">
<msg time="2024-07-20T22:04:49.731878" level="INFO">${cart_badge} = 1</msg>
<var>${cart_badge}</var>
<arg>${SHOPPING_CART_BADGE}</arg>
<doc>Returns the text value of the element identified by ``locator``.</doc>
<status status="PASS" start="2024-07-20T22:04:48.715982" elapsed="1.015896"/>
</kw>
<kw name="Should Be Equal As Integers" owner="BuiltIn">
<arg>${cart_badge}</arg>
<arg>1</arg>
<doc>Fails if objects are unequal after converting them to integers.</doc>
<status status="PASS" start="2024-07-20T22:04:49.731878" elapsed="0.000000"/>
</kw>
<kw name="Close Browser" owner="SeleniumLibrary" type="TEARDOWN">
<doc>Closes the current browser.</doc>
<status status="PASS" start="2024-07-20T22:04:49.732930" elapsed="2.537133"/>
</kw>
<status status="PASS" start="2024-07-20T22:04:40.634825" elapsed="11.635238"/>
</test>
<status status="FAIL" start="2024-07-20T22:04:14.860084" elapsed="37.410979"/>
</suite>
<suite id="s1-s3" name="Login Test" source="C:\Users\User\Desktop\Python Projects\Robot Framework\demo-automation\tests\login_test.robot">
<test id="s1-s3-t1" name="Valid Login" line="10">
<kw name="Open Browser To Login Page" owner="common" type="SETUP">
<kw name="Open Browser" owner="SeleniumLibrary">
<msg time="2024-07-20T22:04:52.276065" level="INFO">Opening browser 'chrome' to base url 'https://www.saucedemo.com/'.</msg>
<arg>${URL}</arg>
<arg>${BROWSER}</arg>
<doc>Opens a new browser instance to the optional ``url``.</doc>
<status status="PASS" start="2024-07-20T22:04:52.276065" elapsed="1.879605"/>
</kw>
<kw name="Maximize Browser Window" owner="SeleniumLibrary">
<doc>Maximizes current browser window.</doc>
<status status="PASS" start="2024-07-20T22:04:54.155670" elapsed="0.517885"/>
</kw>
<kw name="Set Selenium Speed" owner="SeleniumLibrary">
<arg>0.5 seconds</arg>
<doc>Sets the delay that is waited after each Selenium command.</doc>
<status status="PASS" start="2024-07-20T22:04:54.673555" elapsed="0.000000"/>
</kw>
<status status="PASS" start="2024-07-20T22:04:52.275064" elapsed="2.398491"/>
</kw>
<kw name="Input Username" owner="common">
<kw name="Input Text" owner="SeleniumLibrary">
<msg time="2024-07-20T22:04:54.674551" level="INFO">Typing text 'standard_user' into text field 'id=user-name'.</msg>
<arg>${USERNAME_FIELD}</arg>
<arg>${username}</arg>
<doc>Types the given ``text`` into the text field identified by ``locator``.</doc>
<status status="PASS" start="2024-07-20T22:04:54.674551" elapsed="1.559896"/>
</kw>
<arg>${VALID_USER}</arg>
<status status="PASS" start="2024-07-20T22:04:54.673555" elapsed="1.560892"/>
</kw>
<kw name="Input Password" owner="common">
<kw name="Input Text" owner="SeleniumLibrary">
<msg time="2024-07-20T22:04:56.234957" level="INFO">Typing text 'secret_sauce' into text field 'id=password'.</msg>
<arg>${PASSWORD_FIELD}</arg>
<arg>${password}</arg>
<doc>Types the given ``text`` into the text field identified by ``locator``.</doc>
<status status="PASS" start="2024-07-20T22:04:56.234957" elapsed="1.545685"/>
</kw>
<arg>${VALID_PASSWORD}</arg>
<status status="PASS" start="2024-07-20T22:04:56.234957" elapsed="1.545685"/>
</kw>
<kw name="Submit Credentials" owner="common">
<kw name="Click Button" owner="SeleniumLibrary">
<msg time="2024-07-20T22:04:57.781642" level="INFO">Clicking button 'id=login-button'.</msg>
<arg>${LOGIN_BUTTON}</arg>
<doc>Clicks the button identified by ``locator``.</doc>
<status status="PASS" start="2024-07-20T22:04:57.780642" elapsed="1.554310"/>
</kw>
<status status="PASS" start="2024-07-20T22:04:57.780642" elapsed="1.554310"/>
</kw>
<kw name="Page Should Contain Element" owner="SeleniumLibrary">
<msg time="2024-07-20T22:04:59.842118" level="INFO">Current page contains element 'class=inventory_list'.</msg>
<arg>${INVENTORY_LIST}</arg>
<doc>Verifies that element ``locator`` is found on the current page.</doc>
<status status="PASS" start="2024-07-20T22:04:59.334952" elapsed="0.507166"/>
</kw>
<kw name="Close Browser" owner="SeleniumLibrary" type="TEARDOWN">
<doc>Closes the current browser.</doc>
<status status="PASS" start="2024-07-20T22:04:59.842118" elapsed="2.535998"/>
</kw>
<status status="PASS" start="2024-07-20T22:04:52.275064" elapsed="10.103052"/>
</test>
<test id="s1-s3-t2" name="Invalid Login" line="16">
<kw name="Open Browser To Login Page" owner="common" type="SETUP">
<kw name="Open Browser" owner="SeleniumLibrary">
<msg time="2024-07-20T22:05:02.379117" level="INFO">Opening browser 'chrome' to base url 'https://www.saucedemo.com/'.</msg>
<arg>${URL}</arg>
<arg>${BROWSER}</arg>
<doc>Opens a new browser instance to the optional ``url``.</doc>
<status status="PASS" start="2024-07-20T22:05:02.379117" elapsed="1.854518"/>
</kw>
<kw name="Maximize Browser Window" owner="SeleniumLibrary">
<doc>Maximizes current browser window.</doc>
<status status="PASS" start="2024-07-20T22:05:04.233635" elapsed="0.519408"/>
</kw>
<kw name="Set Selenium Speed" owner="SeleniumLibrary">
<arg>0.5 seconds</arg>
<doc>Sets the delay that is waited after each Selenium command.</doc>
<status status="PASS" start="2024-07-20T22:05:04.753043" elapsed="0.000000"/>
</kw>
<status status="PASS" start="2024-07-20T22:05:02.379117" elapsed="2.373926"/>
</kw>
<kw name="Input Username" owner="common">
<kw name="Input Text" owner="SeleniumLibrary">
<msg time="2024-07-20T22:05:04.754044" level="INFO">Typing text 'invalid_user' into text field 'id=user-name'.</msg>
<arg>${USERNAME_FIELD}</arg>
<arg>${username}</arg>
<doc>Types the given ``text`` into the text field identified by ``locator``.</doc>
<status status="PASS" start="2024-07-20T22:05:04.754044" elapsed="1.559069"/>
</kw>
<arg>${INVALID_USER}</arg>
<status status="PASS" start="2024-07-20T22:05:04.753043" elapsed="1.560070"/>
</kw>
<kw name="Input Password" owner="common">
<kw name="Input Text" owner="SeleniumLibrary">
<msg time="2024-07-20T22:05:06.314114" level="INFO">Typing text 'invalid_password' into text field 'id=password'.</msg>
<arg>${PASSWORD_FIELD}</arg>
<arg>${password}</arg>
<doc>Types the given ``text`` into the text field identified by ``locator``.</doc>
<status status="PASS" start="2024-07-20T22:05:06.314114" elapsed="1.548957"/>
</kw>
<arg>${INVALID_PASSWORD}</arg>
<status status="PASS" start="2024-07-20T22:05:06.313113" elapsed="1.549958"/>
</kw>
<kw name="Submit Credentials" owner="common">
<kw name="Click Button" owner="SeleniumLibrary">
<msg time="2024-07-20T22:05:07.864072" level="INFO">Clicking button 'id=login-button'.</msg>
<arg>${LOGIN_BUTTON}</arg>
<doc>Clicks the button identified by ``locator``.</doc>
<status status="PASS" start="2024-07-20T22:05:07.864072" elapsed="1.539578"/>
</kw>
<status status="PASS" start="2024-07-20T22:05:07.863071" elapsed="1.540579"/>
</kw>
<kw name="Page Should Contain" owner="SeleniumLibrary">
<msg time="2024-07-20T22:05:10.412914" level="INFO">Current page contains text 'Epic sadface: Username and password do not match any user in this service'.</msg>
<arg>${LOGIN_ERROR_MESSAGE}</arg>
<doc>Verifies that current page contains ``text``.</doc>
<status status="PASS" start="2024-07-20T22:05:09.403650" elapsed="1.009264"/>
</kw>
<kw name="Close Browser" owner="SeleniumLibrary" type="TEARDOWN">
<doc>Closes the current browser.</doc>
<status status="PASS" start="2024-07-20T22:05:10.413914" elapsed="2.532957"/>
</kw>
<status status="PASS" start="2024-07-20T22:05:02.379117" elapsed="10.567754"/>
</test>
<test id="s1-s3-t3" name="Locked Out User" line="22">
<kw name="Open Browser To Login Page" owner="common" type="SETUP">
<kw name="Open Browser" owner="SeleniumLibrary">
<msg time="2024-07-20T22:05:12.947872" level="INFO">Opening browser 'chrome' to base url 'https://www.saucedemo.com/'.</msg>
<arg>${URL}</arg>
<arg>${BROWSER}</arg>
<doc>Opens a new browser instance to the optional ``url``.</doc>
<status status="PASS" start="2024-07-20T22:05:12.947872" elapsed="2.095695"/>
</kw>
<kw name="Maximize Browser Window" owner="SeleniumLibrary">
<doc>Maximizes current browser window.</doc>
<status status="PASS" start="2024-07-20T22:05:15.043567" elapsed="0.517945"/>
</kw>
<kw name="Set Selenium Speed" owner="SeleniumLibrary">
<arg>0.5 seconds</arg>
<doc>Sets the delay that is waited after each Selenium command.</doc>
<status status="PASS" start="2024-07-20T22:05:15.561512" elapsed="0.000000"/>
</kw>
<status status="PASS" start="2024-07-20T22:05:12.947872" elapsed="2.613640"/>
</kw>
<kw name="Input Username" owner="common">
<kw name="Input Text" owner="SeleniumLibrary">
<msg time="2024-07-20T22:05:15.562508" level="INFO">Typing text 'locked_out_user' into text field 'id=user-name'.</msg>
<arg>${USERNAME_FIELD}</arg>
<arg>${username}</arg>
<doc>Types the given ``text`` into the text field identified by ``locator``.</doc>
<status status="PASS" start="2024-07-20T22:05:15.561512" elapsed="1.573957"/>
</kw>
<arg>${LOCKED_OUT_USER}</arg>
<status status="PASS" start="2024-07-20T22:05:15.561512" elapsed="1.573957"/>
</kw>
<kw name="Input Password" owner="common">
<kw name="Input Text" owner="SeleniumLibrary">
<msg time="2024-07-20T22:05:17.135469" level="INFO">Typing text 'secret_sauce' into text field 'id=password'.</msg>
<arg>${PASSWORD_FIELD}</arg>
<arg>${password}</arg>
<doc>Types the given ``text`` into the text field identified by ``locator``.</doc>
<status status="PASS" start="2024-07-20T22:05:17.135469" elapsed="1.547229"/>
</kw>
<arg>${VALID_PASSWORD}</arg>
<status status="PASS" start="2024-07-20T22:05:17.135469" elapsed="1.547229"/>
</kw>
<kw name="Submit Credentials" owner="common">
<kw name="Click Button" owner="SeleniumLibrary">
<msg time="2024-07-20T22:05:18.682698" level="INFO">Clicking button 'id=login-button'.</msg>
<arg>${LOGIN_BUTTON}</arg>
<doc>Clicks the button identified by ``locator``.</doc>
<status status="PASS" start="2024-07-20T22:05:18.682698" elapsed="1.542268"/>
</kw>
<status status="PASS" start="2024-07-20T22:05:18.682698" elapsed="1.542268"/>
</kw>
<kw name="Page Should Contain" owner="SeleniumLibrary">
<msg time="2024-07-20T22:05:21.234475" level="INFO">Current page contains text 'Epic sadface: Sorry, this user has been locked out.'.</msg>
<arg>${LOCKED_OUT_ERROR_MESSAGE}</arg>
<doc>Verifies that current page contains ``text``.</doc>
<status status="PASS" start="2024-07-20T22:05:20.224966" elapsed="1.009509"/>
</kw>
<kw name="Close Browser" owner="SeleniumLibrary" type="TEARDOWN">
<doc>Closes the current browser.</doc>
<status status="PASS" start="2024-07-20T22:05:21.234475" elapsed="2.533573"/>
</kw>
<status status="PASS" start="2024-07-20T22:05:12.947872" elapsed="10.820176"/>
</test>
<status status="PASS" start="2024-07-20T22:04:52.271063" elapsed="31.497986"/>
</suite>
<status status="FAIL" start="2024-07-20T22:03:40.514084" elapsed="103.254965"/>
</suite>
<statistics>
<total>
<stat pass="7" fail="1" skip="0">All Tests</stat>
</total>
<tag>
</tag>
<suite>
<stat pass="7" fail="1" skip="0" id="s1" name="Tests">Tests</stat>
<stat pass="2" fail="0" skip="0" id="s1-s1" name="Checkout Test">Tests.Checkout Test</stat>
<stat pass="2" fail="1" skip="0" id="s1-s2" name="Inventory Test">Tests.Inventory Test</stat>
<stat pass="3" fail="0" skip="0" id="s1-s3" name="Login Test">Tests.Login Test</stat>
</suite>
</statistics>
<errors>
</errors>
</robot>
